This is pdfTeX, Version 3.1415926-2.5-1.40.14 (TeX Live 2013) (format=latex 2013.8.3)  10 SEP 2014 16:03
entering extended mode
 \write18 enabled.
 Source specials enabled.
 %&-line parsing enabled.
**cheatsheet2014.tex
(./cheatsheet2014.tex
LaTeX2e <2011/06/27>
Babel <3.9f> and hyphenation patterns for 78 languages loaded.
(/usr/local/texlive/2013/texmf-dist/tex/latex/base/article.cls
Document Class: article 2007/10/19 v1.4h Standard LaTeX document class
(/usr/local/texlive/2013/texmf-dist/tex/latex/base/size10.clo
File: size10.clo 2007/10/19 v1.4h Standard LaTeX file (size option)
)
\c@part=\count79
\c@section=\count80
\c@subsection=\count81
\c@subsubsection=\count82
\c@paragraph=\count83
\c@subparagraph=\count84
\c@figure=\count85
\c@table=\count86
\abovecaptionskip=\skip41
\belowcaptionskip=\skip42
\bibindent=\dimen102
)
(/usr/local/texlive/2013/texmf-dist/tex/latex/geometry/geometry.sty
Package: geometry 2010/09/12 v5.6 Page Geometry

(/usr/local/texlive/2013/texmf-dist/tex/latex/graphics/keyval.sty
Package: keyval 1999/03/16 v1.13 key=value parser (DPC)
\KV@toks@=\toks14
)
(/usr/local/texlive/2013/texmf-dist/tex/generic/oberdiek/ifpdf.sty
Package: ifpdf 2011/01/30 v2.3 Provides the ifpdf switch (HO)
Package ifpdf Info: pdfTeX in PDF mode is not detected.
)
(/usr/local/texlive/2013/texmf-dist/tex/generic/oberdiek/ifvtex.sty
Package: ifvtex 2010/03/01 v1.5 Detect VTeX and its facilities (HO)
Package ifvtex Info: VTeX not detected.
)
(/usr/local/texlive/2013/texmf-dist/tex/generic/ifxetex/ifxetex.sty
Package: ifxetex 2010/09/12 v0.6 Provides ifxetex conditional
)
\Gm@cnth=\count87
\Gm@cntv=\count88
\c@Gm@tempcnt=\count89
\Gm@bindingoffset=\dimen103
\Gm@wd@mp=\dimen104
\Gm@odd@mp=\dimen105
\Gm@even@mp=\dimen106
\Gm@layoutwidth=\dimen107
\Gm@layoutheight=\dimen108
\Gm@layouthoffset=\dimen109
\Gm@layoutvoffset=\dimen110
\Gm@dimlist=\toks15
)
(/usr/local/texlive/2013/texmf-dist/tex/latex/minted/minted.sty
Package: minted 2011/09/17 v1.7 Yet another Pygments shim for LaTeX

(/usr/local/texlive/2013/texmf-dist/tex/latex/fancyvrb/fancyvrb.sty
Package: fancyvrb 2008/02/07

Style option: `fancyvrb' v2.7a, with DG/SPQR fixes, and firstline=lastline fix 
<2008/02/07> (tvz)
\FV@CodeLineNo=\count90
\FV@InFile=\read1
\FV@TabBox=\box26
\c@FancyVerbLine=\count91
\FV@StepNumber=\count92
\FV@OutFile=\write3
)
(/usr/local/texlive/2013/texmf-dist/tex/latex/xcolor/xcolor.sty
Package: xcolor 2007/01/21 v2.11 LaTeX color extensions (UK)

(/usr/local/texlive/2013/texmf-dist/tex/latex/latexconfig/color.cfg
File: color.cfg 2007/01/18 v1.5 color configuration of teTeX/TeXLive
)
Package xcolor Info: Driver file: dvips.def on input line 225.

(/usr/local/texlive/2013/texmf-dist/tex/latex/graphics/dvips.def
File: dvips.def 1999/02/16 v3.0i Driver-dependant file (DPC,SPQR)
)
Package xcolor Info: Model `cmy' substituted by `cmy0' on input line 1337.
Package xcolor Info: Model `RGB' extended on input line 1353.
Package xcolor Info: Model `HTML' substituted by `rgb' on input line 1355.
Package xcolor Info: Model `Hsb' substituted by `hsb' on input line 1356.
Package xcolor Info: Model `tHsb' substituted by `hsb' on input line 1357.
Package xcolor Info: Model `HSB' substituted by `hsb' on input line 1358.
Package xcolor Info: Model `Gray' substituted by `gray' on input line 1359.
Package xcolor Info: Model `wave' substituted by `hsb' on input line 1360.
)
(/usr/local/texlive/2013/texmf-dist/tex/latex/float/float.sty
Package: float 2001/11/08 v1.3d Float enhancements (AL)
\c@float@type=\count93
\float@exts=\toks16
\float@box=\box27
\@float@everytoks=\toks17
\@floatcapt=\box28
)
(/usr/local/texlive/2013/texmf-dist/tex/latex/base/ifthen.sty
Package: ifthen 2001/05/26 v1.1c Standard LaTeX ifthen package (DPC)
)
(/usr/local/texlive/2013/texmf-dist/tex/latex/tools/calc.sty
Package: calc 2007/08/22 v4.3 Infix arithmetic (KKT,FJ)
\calc@Acount=\count94
\calc@Bcount=\count95
\calc@Adimen=\dimen111
\calc@Bdimen=\dimen112
\calc@Askip=\skip43
\calc@Bskip=\skip44
LaTeX Info: Redefining \setlength on input line 76.
LaTeX Info: Redefining \addtolength on input line 77.
\calc@Ccount=\count96
\calc@Cskip=\skip45
)
(/usr/local/texlive/2013/texmf-dist/tex/latex/ifplatform/ifplatform.sty
Package: ifplatform 2010/10/22 v0.4 Testing for the operating system

(/usr/local/texlive/2013/texmf-dist/tex/generic/oberdiek/pdftexcmds.sty
Package: pdftexcmds 2011/11/29 v0.20 Utility functions of pdfTeX for LuaTeX (HO
)

(/usr/local/texlive/2013/texmf-dist/tex/generic/oberdiek/infwarerr.sty
Package: infwarerr 2010/04/08 v1.3 Providing info/warning/error messages (HO)
)
(/usr/local/texlive/2013/texmf-dist/tex/generic/oberdiek/ifluatex.sty
Package: ifluatex 2010/03/01 v1.3 Provides the ifluatex switch (HO)
Package ifluatex Info: LuaTeX not detected.
)
(/usr/local/texlive/2013/texmf-dist/tex/generic/oberdiek/ltxcmds.sty
Package: ltxcmds 2011/11/09 v1.22 LaTeX kernel commands for general use (HO)
)
Package pdftexcmds Info: LuaTeX not detected.
Package pdftexcmds Info: \pdf@primitive is available.
Package pdftexcmds Info: \pdf@ifprimitive is available.
Package pdftexcmds Info: \pdfdraftmode is ignored in DVI mode.
)
(/usr/local/texlive/2013/texmf-dist/tex/generic/oberdiek/catchfile.sty
Package: catchfile 2011/03/01 v1.6 Catch the contents of a file (HO)

(/usr/local/texlive/2013/texmf-dist/tex/generic/oberdiek/etexcmds.sty
Package: etexcmds 2011/02/16 v1.5 Avoid name clashes with e-TeX commands (HO)
Package etexcmds Info: Could not find \expanded.
(etexcmds)             That can mean that you are not using pdfTeX 1.50 or
(etexcmds)             that some package has redefined \expanded.
(etexcmds)             In the latter case, load this package earlier.
))
runsystem(uname -s > "cheatsheet2014.w18")...executed.


(./cheatsheet2014.w18)
runsystem(rm -- "cheatsheet2014.w18")...executed.

)
\minted@bgbox=\box29
\minted@code=\write4
\@float@every@listing=\toks18
\c@listing=\count97
)
runsystem(which pygmentize && touch cheatsheet2014.aex)...executed.

runsystem(rm cheatsheet2014.aex)...executed.


(/usr/local/texlive/2013/texmf-dist/tex/latex/amsmath/amsmath.sty
Package: amsmath 2013/01/14 v2.14 AMS math features
\@mathmargin=\skip46

For additional information on amsmath, use the `?' option.
(/usr/local/texlive/2013/texmf-dist/tex/latex/amsmath/amstext.sty
Package: amstext 2000/06/29 v2.01

(/usr/local/texlive/2013/texmf-dist/tex/latex/amsmath/amsgen.sty
File: amsgen.sty 1999/11/30 v2.0
\@emptytoks=\toks19
\ex@=\dimen113
))
(/usr/local/texlive/2013/texmf-dist/tex/latex/amsmath/amsbsy.sty
Package: amsbsy 1999/11/29 v1.2d
\pmbraise@=\dimen114
)
(/usr/local/texlive/2013/texmf-dist/tex/latex/amsmath/amsopn.sty
Package: amsopn 1999/12/14 v2.01 operator names
)
\inf@bad=\count98
LaTeX Info: Redefining \frac on input line 210.
\uproot@=\count99
\leftroot@=\count100
LaTeX Info: Redefining \overline on input line 306.
\classnum@=\count101
\DOTSCASE@=\count102
LaTeX Info: Redefining \ldots on input line 378.
LaTeX Info: Redefining \dots on input line 381.
LaTeX Info: Redefining \cdots on input line 466.
\Mathstrutbox@=\box30
\strutbox@=\box31
\big@size=\dimen115
LaTeX Font Info:    Redeclaring font encoding OML on input line 566.
LaTeX Font Info:    Redeclaring font encoding OMS on input line 567.
\macc@depth=\count103
\c@MaxMatrixCols=\count104
\dotsspace@=\muskip10
\c@parentequation=\count105
\dspbrk@lvl=\count106
\tag@help=\toks20
\row@=\count107
\column@=\count108
\maxfields@=\count109
\andhelp@=\toks21
\eqnshift@=\dimen116
\alignsep@=\dimen117
\tagshift@=\dimen118
\tagwidth@=\dimen119
\totwidth@=\dimen120
\lineht@=\dimen121
\@envbody=\toks22
\multlinegap=\skip47
\multlinetaggap=\skip48
\mathdisplay@stack=\toks23
LaTeX Info: Redefining \[ on input line 2665.
LaTeX Info: Redefining \] on input line 2666.
)
(/usr/local/texlive/2013/texmf-dist/tex/latex/amsfonts/amssymb.sty
Package: amssymb 2013/01/14 v3.01 AMS font symbols

(/usr/local/texlive/2013/texmf-dist/tex/latex/amsfonts/amsfonts.sty
Package: amsfonts 2013/01/14 v3.01 Basic AMSFonts support
\symAMSa=\mathgroup4
\symAMSb=\mathgroup5
LaTeX Font Info:    Overwriting math alphabet `\mathfrak' in version `bold'
(Font)                  U/euf/m/n --> U/euf/b/n on input line 106.
))
(./cheatsheet2014.aux)
\openout1 = `cheatsheet2014.aux'.

LaTeX Font Info:    Checking defaults for OML/cmm/m/it on input line 14.
LaTeX Font Info:    ... okay on input line 14.
LaTeX Font Info:    Checking defaults for T1/cmr/m/n on input line 14.
LaTeX Font Info:    ... okay on input line 14.
LaTeX Font Info:    Checking defaults for OT1/cmr/m/n on input line 14.
LaTeX Font Info:    ... okay on input line 14.
LaTeX Font Info:    Checking defaults for OMS/cmsy/m/n on input line 14.
LaTeX Font Info:    ... okay on input line 14.
LaTeX Font Info:    Checking defaults for OMX/cmex/m/n on input line 14.
LaTeX Font Info:    ... okay on input line 14.
LaTeX Font Info:    Checking defaults for U/cmr/m/n on input line 14.
LaTeX Font Info:    ... okay on input line 14.

*geometry* driver: auto-detecting
*geometry* detected driver: dvips
*geometry* verbose mode - [ preamble ] result:
* driver: dvips
* paper: a4paper
* layout: <same size as paper>
* layoutoffset:(h,v)=(0.0pt,0.0pt)
* modes: 
* h-part:(L,W,R)=(28.45274pt, 540.60239pt, 28.45274pt)
* v-part:(T,H,B)=(28.45274pt, 715.18745pt, 101.40665pt)
* \paperwidth=597.50787pt
* \paperheight=845.04684pt
* \textwidth=540.60239pt
* \textheight=715.18745pt
* \oddsidemargin=-43.81725pt
* \evensidemargin=-43.81725pt
* \topmargin=-80.81725pt
* \headheight=12.0pt
* \headsep=25.0pt
* \topskip=10.0pt
* \footskip=30.0pt
* \marginparwidth=57.0pt
* \marginparsep=11.0pt
* \columnsep=10.0pt
* \skip\footins=9.0pt plus 4.0pt minus 2.0pt
* \hoffset=0.0pt
* \voffset=0.0pt
* \mag=1000
* \@twocolumnfalse
* \@twosidefalse
* \@mparswitchfalse
* \@reversemarginfalse
* (1in=72.27pt=25.4mm, 1cm=28.453pt)

runsystem(pygmentize -S default -f latex > cheatsheet2014.pyg)...executed.

(./cheatsheet2014.pyg)
LaTeX Font Info:    Try loading font information for U+msa on input line 15.

(/usr/local/texlive/2013/texmf-dist/tex/latex/amsfonts/umsa.fd
File: umsa.fd 2013/01/14 v3.01 AMS symbols A
)
LaTeX Font Info:    Try loading font information for U+msb on input line 15.

(/usr/local/texlive/2013/texmf-dist/tex/latex/amsfonts/umsb.fd
File: umsb.fd 2013/01/14 v3.01 AMS symbols B
)
(./cheatsheet2014.toc)
\tf@toc=\write5
\openout5 = `cheatsheet2014.toc'.

\openout3 = `cheatsheet2014.pyg'.

runsystem(pygmentize -l cpp -f latex -F tokenmerge             -P "verboptions=
 ,frame=lines,tabsize=2" -o cheatsheet2014.out.pyg cheatsheet2014.pyg)...execut
ed.

 (./cheatsheet2014.out.pyg [1

])
runsystem(rm cheatsheet2014.out.pyg)...executed.

runsystem(rm cheatsheet2014.pyg)...executed.

\openout3 = `cheatsheet2014.pyg'.

runsystem(pygmentize -l cpp -f latex -F tokenmerge             -P "verboptions=
 ,frame=lines,tabsize=2" -o cheatsheet2014.out.pyg cheatsheet2014.pyg)...execut
ed.

 (./cheatsheet2014.out.pyg)
runsystem(rm cheatsheet2014.out.pyg)...executed.

runsystem(rm cheatsheet2014.pyg)...executed.

\openout3 = `cheatsheet2014.pyg'.

runsystem(pygmentize -l cpp -f latex -F tokenmerge             -P "verboptions=
 ,frame=lines,tabsize=2" -o cheatsheet2014.out.pyg cheatsheet2014.pyg)...execut
ed.

 (./cheatsheet2014.out.pyg
LaTeX Font Info:    Font shape `OT1/cmtt/bx/n' in size <10> not available
(Font)              Font shape `OT1/cmtt/m/n' tried instead on input line 9.
)
runsystem(rm cheatsheet2014.out.pyg)...executed.

runsystem(rm cheatsheet2014.pyg)...executed.

\openout3 = `cheatsheet2014.pyg'.

runsystem(pygmentize -l cpp -f latex -F tokenmerge             -P "verboptions=
 ,frame=lines,tabsize=2" -o cheatsheet2014.out.pyg cheatsheet2014.pyg)...execut
ed.

 (./cheatsheet2014.out.pyg)
runsystem(rm cheatsheet2014.out.pyg)...executed.

runsystem(rm cheatsheet2014.pyg)...executed.

\openout3 = `cheatsheet2014.pyg'.

runsystem(pygmentize -l cpp -f latex -F tokenmerge             -P "verboptions=
 ,frame=lines,tabsize=2" -o cheatsheet2014.out.pyg cheatsheet2014.pyg)...execut
ed.


(./cheatsheet2014.out.pyg [2])
runsystem(rm cheatsheet2014.out.pyg)...executed.

runsystem(rm cheatsheet2014.pyg)...executed.

\openout3 = `cheatsheet2014.pyg'.

runsystem(pygmentize -l cpp -f latex -F tokenmerge             -P "verboptions=
 ,frame=lines,tabsize=2" -o cheatsheet2014.out.pyg cheatsheet2014.pyg)...execut
ed.

 (./cheatsheet2014.out.pyg)
runsystem(rm cheatsheet2014.out.pyg)...executed.

runsystem(rm cheatsheet2014.pyg)...executed.

\openout3 = `cheatsheet2014.pyg'.

runsystem(pygmentize -l cpp -f latex -F tokenmerge             -P "verboptions=
 ,frame=lines,tabsize=2" -o cheatsheet2014.out.pyg cheatsheet2014.pyg)...execut
ed.


(./cheatsheet2014.out.pyg)
runsystem(rm cheatsheet2014.out.pyg)...executed.

runsystem(rm cheatsheet2014.pyg)...executed.

\openout3 = `cheatsheet2014.pyg'.

runsystem(pygmentize -l cpp -f latex -F tokenmerge             -P "verboptions=
 ,frame=lines,tabsize=2" -o cheatsheet2014.out.pyg cheatsheet2014.pyg)...execut
ed.

 (./cheatsheet2014.out.pyg [3])
runsystem(rm cheatsheet2014.out.pyg)...executed.

runsystem(rm cheatsheet2014.pyg)...executed.

\openout3 = `cheatsheet2014.pyg'.

runsystem(pygmentize -l cpp -f latex -F tokenmerge             -P "verboptions=
 ,frame=lines,tabsize=2" -o cheatsheet2014.out.pyg cheatsheet2014.pyg)...execut
ed.


(./cheatsheet2014.out.pyg)
runsystem(rm cheatsheet2014.out.pyg)...executed.

runsystem(rm cheatsheet2014.pyg)...executed.

\openout3 = `cheatsheet2014.pyg'.

runsystem(pygmentize -l cpp -f latex -F tokenmerge             -P "verboptions=
 ,frame=lines,tabsize=2" -o cheatsheet2014.out.pyg cheatsheet2014.pyg)...execut
ed.

 (./cheatsheet2014.out.pyg)
runsystem(rm cheatsheet2014.out.pyg)...executed.

runsystem(rm cheatsheet2014.pyg)...executed.

\openout3 = `cheatsheet2014.pyg'.

runsystem(pygmentize -l cpp -f latex -F tokenmerge             -P "verboptions=
 ,frame=lines,tabsize=2" -o cheatsheet2014.out.pyg cheatsheet2014.pyg)...execut
ed.

 (./cheatsheet2014.out.pyg)
runsystem(rm cheatsheet2014.out.pyg)...executed.

runsystem(rm cheatsheet2014.pyg)...executed.

\openout3 = `cheatsheet2014.pyg'.

runsystem(pygmentize -l cpp -f latex -F tokenmerge             -P "verboptions=
 ,frame=lines,tabsize=2" -o cheatsheet2014.out.pyg cheatsheet2014.pyg)...execut
ed.

 (./cheatsheet2014.out.pyg)
runsystem(rm cheatsheet2014.out.pyg)...executed.

runsystem(rm cheatsheet2014.pyg)...executed.

\openout3 = `cheatsheet2014.pyg'.

runsystem(pygmentize -l cpp -f latex -F tokenmerge             -P "verboptions=
 ,frame=lines,tabsize=2" -o cheatsheet2014.out.pyg cheatsheet2014.pyg)...execut
ed.

 (./cheatsheet2014.out.pyg [4])
runsystem(rm cheatsheet2014.out.pyg)...executed.

runsystem(rm cheatsheet2014.pyg)...executed.

\openout3 = `cheatsheet2014.pyg'.

runsystem(pygmentize -l cpp -f latex -F tokenmerge             -P "verboptions=
 ,frame=lines,tabsize=2" -o cheatsheet2014.out.pyg cheatsheet2014.pyg)...execut
ed.


(./cheatsheet2014.out.pyg)
runsystem(rm cheatsheet2014.out.pyg)...executed.

runsystem(rm cheatsheet2014.pyg)...executed.

\openout3 = `cheatsheet2014.pyg'.

runsystem(pygmentize -l cpp -f latex -F tokenmerge             -P "verboptions=
 ,frame=lines,tabsize=2" -o cheatsheet2014.out.pyg cheatsheet2014.pyg)...execut
ed.

 (./cheatsheet2014.out.pyg)
runsystem(rm cheatsheet2014.out.pyg)...executed.

runsystem(rm cheatsheet2014.pyg)...executed.

\openout3 = `cheatsheet2014.pyg'.

runsystem(pygmentize -l cpp -f latex -F tokenmerge             -P "verboptions=
 ,frame=lines,tabsize=2" -o cheatsheet2014.out.pyg cheatsheet2014.pyg)...execut
ed.

 (./cheatsheet2014.out.pyg)
runsystem(rm cheatsheet2014.out.pyg)...executed.

runsystem(rm cheatsheet2014.pyg)...executed.

\openout3 = `cheatsheet2014.pyg'.

runsystem(pygmentize -l cpp -f latex -F tokenmerge             -P "verboptions=
 ,frame=lines,tabsize=2" -o cheatsheet2014.out.pyg cheatsheet2014.pyg)...execut
ed.

 (./cheatsheet2014.out.pyg)
runsystem(rm cheatsheet2014.out.pyg)...executed.

runsystem(rm cheatsheet2014.pyg)...executed.

LaTeX Font Info:    Font shape `OT1/cmtt/bx/n' in size <12> not available
(Font)              Font shape `OT1/cmtt/m/n' tried instead on input line 264.
\openout3 = `cheatsheet2014.pyg'.

runsystem(pygmentize -l cpp -f latex -F tokenmerge             -P "verboptions=
 ,frame=lines,tabsize=2" -o cheatsheet2014.out.pyg cheatsheet2014.pyg)...execut
ed.

 (./cheatsheet2014.out.pyg)
runsystem(rm cheatsheet2014.out.pyg)...executed.

runsystem(rm cheatsheet2014.pyg)...executed.

\openout3 = `cheatsheet2014.pyg'.

runsystem(pygmentize -l cpp -f latex -F tokenmerge             -P "verboptions=
 ,frame=lines,tabsize=2" -o cheatsheet2014.out.pyg cheatsheet2014.pyg)...execut
ed.


(./cheatsheet2014.out.pyg [5])
runsystem(rm cheatsheet2014.out.pyg)...executed.

runsystem(rm cheatsheet2014.pyg)...executed.

\openout3 = `cheatsheet2014.pyg'.

runsystem(pygmentize -l cpp -f latex -F tokenmerge             -P "verboptions=
 ,frame=lines,tabsize=2" -o cheatsheet2014.out.pyg cheatsheet2014.pyg)...execut
ed.

 (./cheatsheet2014.out.pyg)
runsystem(rm cheatsheet2014.out.pyg)...executed.

runsystem(rm cheatsheet2014.pyg)...executed.

\openout3 = `cheatsheet2014.pyg'.

runsystem(pygmentize -l cpp -f latex -F tokenmerge             -P "verboptions=
 ,frame=lines,tabsize=2" -o cheatsheet2014.out.pyg cheatsheet2014.pyg)...execut
ed.


(./cheatsheet2014.out.pyg [6])
runsystem(rm cheatsheet2014.out.pyg)...executed.

runsystem(rm cheatsheet2014.pyg)...executed.

\openout3 = `cheatsheet2014.pyg'.

runsystem(pygmentize -l cpp -f latex -F tokenmerge             -P "verboptions=
 ,frame=lines,tabsize=2" -o cheatsheet2014.out.pyg cheatsheet2014.pyg)...execut
ed.

 (./cheatsheet2014.out.pyg)
runsystem(rm cheatsheet2014.out.pyg)...executed.

runsystem(rm cheatsheet2014.pyg)...executed.

\openout3 = `cheatsheet2014.pyg'.

runsystem(pygmentize -l cpp -f latex -F tokenmerge             -P "verboptions=
 ,frame=lines,tabsize=2" -o cheatsheet2014.out.pyg cheatsheet2014.pyg)...execut
ed.


(./cheatsheet2014.out.pyg [7])
runsystem(rm cheatsheet2014.out.pyg)...executed.

runsystem(rm cheatsheet2014.pyg)...executed.

\openout3 = `cheatsheet2014.pyg'.

runsystem(pygmentize -l cpp -f latex -F tokenmerge             -P "verboptions=
 ,frame=lines,tabsize=2" -o cheatsheet2014.out.pyg cheatsheet2014.pyg)...execut
ed.

 (./cheatsheet2014.out.pyg)
runsystem(rm cheatsheet2014.out.pyg)...executed.

runsystem(rm cheatsheet2014.pyg)...executed.

 [8]
(./cheatsheet2014.aux) ) 
Here is how much of TeX's memory you used:
 3330 strings out of 493316
 44610 string characters out of 6137931
 115291 words of memory out of 5000000
 6686 multiletter control sequences out of 15000+600000
 11430 words of font info for 45 fonts, out of 8000000 for 9000
 957 hyphenation exceptions out of 8191
 37i,6n,37p,580b,328s stack positions out of 5000i,500n,10000p,200000b,80000s

Output written on cheatsheet2014.dvi (8 pages, 68712 bytes).
